<?xml version="1.0" encoding="UTF-8"?>
<!-- Generated by org.testng.reporters.JUnitReportReporter -->
<testsuite hostname="RAHUL-ZENBOOK" failures="0" tests="2" name="WebAutomation.Testcases.UserRegistration" time="14.536" errors="0" timestamp="2023-01-29T15:33:34 IST" skipped="0">
  <testcase classname="WebAutomation.Testcases.UserRegistration" name="userRegister" time="7.935"/>
  <system-out/>
  <testcase classname="WebAutomation.Testcases.UserRegistration" name="userRegister" time="6.601"/>
  <system-out/>
</testsuite> <!-- WebAutomation.Testcases.UserRegistration -->
