<?xml version="1.0" encoding="UTF-8"?>
<!-- Generated by org.testng.reporters.JUnitReportReporter -->
<testsuite hostname="RAHUL-ZENBOOK" failures="0" tests="1" name="WebAutomation.TestUtilities.BaseTest" time="19.040" errors="0" timestamp="2023-01-28T14:25:44 IST" skipped="0">
  <testcase classname="WebAutomation.TestUtilities.BaseTest" name="A" time="19.040"/>
  <system-out/>
</testsuite> <!-- WebAutomation.TestUtilities.BaseTest -->
