<?xml version="1.0" encoding="UTF-8"?>
<!-- Generated by org.testng.reporters.JUnitReportReporter -->
<testsuite hostname="RAHUL-ZENBOOK" failures="0" tests="1" name="WebAutomation.Testcases.CommunityPollTest" time="23.038" errors="0" timestamp="2023-01-29T13:21:38 IST" skipped="0">
  <testcase classname="WebAutomation.Testcases.CommunityPollTest" name="communityPollwithoutLogin" time="23.038"/>
  <system-out/>
</testsuite> <!-- WebAutomation.Testcases.CommunityPollTest -->
