<?xml version="1.0" encoding="UTF-8"?>
<!-- Generated by org.testng.reporters.JUnitReportReporter -->
<testsuite hostname="RAHUL-ZENBOOK" failures="0" tests="4" name="WebAutomation.Testcases.CommunityPollTest" time="23.554" errors="0" timestamp="2023-01-29T15:44:16 IST" skipped="0">
  <testcase classname="WebAutomation.Testcases.CommunityPollTest" name="communityPollwithLogin" time="8.302"/>
  <system-out/>
  <testcase classname="WebAutomation.Testcases.CommunityPollTest" name="communityPollwithLogin" time="5.397"/>
  <system-out/>
  <testcase classname="WebAutomation.Testcases.CommunityPollTest" name="communityPollwithLogin" time="5.238"/>
  <system-out/>
  <testcase classname="WebAutomation.Testcases.CommunityPollTest" name="communityPollwithLogin" time="4.617"/>
  <system-out/>
</testsuite> <!-- WebAutomation.Testcases.CommunityPollTest -->
