<?xml version="1.0" encoding="UTF-8"?>
<!-- Generated by org.testng.reporters.JUnitReportReporter -->
<testsuite hostname="RAHUL-ZENBOOK" failures="0" tests="2" name="WebAutomation.Testcases.CurrencyConversion" time="14.217" errors="0" timestamp="2023-01-29T15:28:10 IST" skipped="0">
  <testcase classname="WebAutomation.Testcases.CurrencyConversion" name="currencyConvTest" time="2.805"/>
  <system-out/>
  <testcase classname="WebAutomation.Testcases.CurrencyConversion" name="currencyConvTest" time="11.412"/>
  <system-out/>
</testsuite> <!-- WebAutomation.Testcases.CurrencyConversion -->
