<?xml version="1.0" encoding="UTF-8"?>
<!-- Generated by org.testng.reporters.JUnitReportReporter -->
<testsuite hostname="RAHUL-ZENBOOK" failures="0" tests="1" name="WebAutomation.Testcases.AddingToCart" time="12.672" errors="0" timestamp="2023-01-28T23:37:00 IST" skipped="0">
  <testcase classname="WebAutomation.Testcases.AddingToCart" name="AddItemToCart" time="12.672"/>
  <system-out/>
</testsuite> <!-- WebAutomation.Testcases.AddingToCart -->
