<?xml version="1.0" encoding="UTF-8"?>
<!-- Generated by org.testng.reporters.JUnitReportReporter -->
<testsuite hostname="RAHUL-ZENBOOK" failures="0" tests="2" name="WebAutomation.Testcases.UserRegistration" time="14.798" errors="0" timestamp="2023-01-28T18:39:33 IST" skipped="0">
  <testcase classname="WebAutomation.Testcases.UserRegistration" name="userRegister" time="6.467"/>
  <system-out/>
  <testcase classname="WebAutomation.Testcases.UserRegistration" name="userLogin" time="8.331"/>
  <system-out/>
</testsuite> <!-- WebAutomation.Testcases.UserRegistration -->
