<?xml version="1.0" encoding="UTF-8"?>
<!-- Generated by org.testng.reporters.JUnitReportReporter -->
<testsuite hostname="RAHUL-ZENBOOK" failures="0" tests="1" name="WebAutomation.Testcases.CurrencyConversion" time="5.204" errors="0" timestamp="2023-01-29T12:35:02 IST" skipped="0">
  <testcase classname="WebAutomation.Testcases.CurrencyConversion" name="currencyConvTest" time="5.204"/>
  <system-out/>
</testsuite> <!-- WebAutomation.Testcases.CurrencyConversion -->
