<?xml version="1.0" encoding="UTF-8"?>
<!-- Generated by org.testng.reporters.JUnitReportReporter -->
<testsuite hostname="RAHUL-ZENBOOK" failures="0" tests="1" name="WebAutomation.Testcases.AddingToCart" time="13.855" errors="0" timestamp="2023-01-29T15:51:25 IST" skipped="0">
  <testcase classname="WebAutomation.Testcases.AddingToCart" name="AddItemToCart" time="13.855"/>
  <system-out/>
</testsuite> <!-- WebAutomation.Testcases.AddingToCart -->
