<?xml version="1.0" encoding="UTF-8"?>
<!-- Generated by org.testng.reporters.JUnitReportReporter -->
<testsuite hostname="RAHUL-ZENBOOK" failures="0" tests="2" name="WebAutomation.Testcases.CurrencyConversion" time="25.241" errors="0" timestamp="2023-01-29T17:02:19 IST" skipped="0">
  <testcase classname="WebAutomation.Testcases.CurrencyConversion" name="currencyConvTest" time="16.824"/>
  <system-out/>
  <testcase classname="WebAutomation.Testcases.CurrencyConversion" name="currencyConvTest" time="8.417"/>
  <system-out/>
</testsuite> <!-- WebAutomation.Testcases.CurrencyConversion -->
